2025-04-09 19:34:06,637 - INFO - Starting the admission prediction pipeline...
2025-04-09 19:34:06,637 - INFO - Loading dataset from: data/raw/Admission.csv
2025-04-09 19:34:06,637 - INFO - Reading dataset from data/raw/Admission.csv
2025-04-09 19:34:06,662 - INFO - Dataset loaded and cleaned successfully.
2025-04-09 19:34:06,662 - INFO - Generating scatter plot of GRE vs TOEFL scores
2025-04-09 19:34:06,662 - INFO - Generating GRE vs TOEFL scatter plot...
2025-04-09 19:34:07,537 - INFO - Scatter plot saved to 'reports/figures/gre_vs_toefl.png'.
2025-04-09 19:34:07,537 - INFO - Creating dummy variables and splitting features/target
2025-04-09 19:34:07,537 - INFO - Creating dummy variables...
2025-04-09 19:34:07,540 - INFO - Dummy variable creation successful. Shape: X=(500, 12), y=(500,)
2025-04-09 19:34:07,540 - INFO - Training the MLP model
2025-04-09 19:34:07,540 - INFO - Splitting dataset into train and test sets...
2025-04-09 19:34:07,540 - INFO - Fitting MinMaxScaler on training data...
2025-04-09 19:34:07,540 - INFO - Transforming training and test data using scaler...
2025-04-09 19:34:07,540 - INFO - Training MLP classifier...
2025-04-09 19:34:08,029 - INFO - Saving trained MLP model to 'models/MLP.pkl'...
2025-04-09 19:34:08,046 - INFO - Model training completed successfully.
2025-04-09 19:34:08,046 - INFO - Evaluating the model
2025-04-09 19:34:08,046 - INFO - Making predictions with MLP model...
2025-04-09 19:34:08,046 - INFO - Calculating confusion matrix and accuracy...
2025-04-09 19:34:08,046 - INFO - Model evaluation completed. Accuracy: 0.6500
2025-04-09 19:34:08,046 - INFO - Model Accuracy: 0.6500
2025-04-09 19:34:08,046 - INFO - Confusion Matrix:
[[65  0]
 [35  0]]
2025-04-09 19:45:31,196 - INFO - Starting the admission prediction pipeline...
2025-04-09 19:45:31,196 - INFO - Loading dataset from: data/raw/Admission.csv
2025-04-09 19:45:31,196 - INFO - Reading dataset from data/raw/Admission.csv
2025-04-09 19:45:31,196 - INFO - Dataset loaded and cleaned successfully.
2025-04-09 19:45:31,196 - INFO - Generating scatter plot of GRE vs TOEFL scores
2025-04-09 19:45:31,196 - INFO - Generating GRE vs TOEFL scatter plot...
2025-04-09 19:45:31,504 - INFO - Scatter plot saved to 'reports/figures/gre_vs_toefl.png'.
2025-04-09 19:45:31,504 - INFO - Generating pairplot for GRE, TOEFL, CGPA...
2025-04-09 19:45:33,668 - INFO - Pairplot saved to 'reports/figures/pairplot.png'.
2025-04-09 19:45:33,668 - INFO - Generating CGPA histogram by Admit_Chance...
2025-04-09 19:45:33,917 - INFO - CGPA histogram saved to 'reports/figures/cgpa_hist.png'.
2025-04-09 19:45:33,917 - INFO - Creating dummy variables and splitting features/target
2025-04-09 19:45:33,917 - INFO - Creating dummy variables...
2025-04-09 19:45:33,933 - INFO - Dummy variable creation successful. Shape: X=(500, 12), y=(500,)
2025-04-09 19:45:33,933 - INFO - Training the MLP model
2025-04-09 19:45:33,933 - INFO - Splitting dataset into train and test sets...
2025-04-09 19:45:33,933 - INFO - Fitting MinMaxScaler on training data...
2025-04-09 19:45:33,933 - INFO - Transforming training and test data using scaler...
2025-04-09 19:45:33,933 - INFO - Training MLP classifier...
2025-04-09 19:45:34,059 - INFO - Saving trained MLP model to 'models/MLP.pkl'...
2025-04-09 19:45:34,059 - INFO - Model training completed successfully.
2025-04-09 19:45:34,059 - INFO - Evaluating the model
2025-04-09 19:45:34,059 - INFO - Making predictions with MLP model...
2025-04-09 19:45:34,059 - INFO - Calculating confusion matrix and accuracy...
2025-04-09 19:45:34,059 - INFO - Model evaluation completed. Accuracy: 0.6500
2025-04-09 19:45:34,059 - INFO - Model Accuracy: 0.6500
2025-04-09 19:45:34,059 - INFO - Confusion Matrix:
[[65  0]
 [35  0]]
2025-04-09 19:47:32,537 - INFO - Starting the admission prediction pipeline...
2025-04-09 19:47:32,537 - INFO - Loading dataset from: data/raw/Admission.csv
2025-04-09 19:47:32,537 - INFO - Reading dataset from data/raw/Admission.csv
2025-04-09 19:47:32,553 - INFO - Dataset loaded and cleaned successfully.
2025-04-09 19:47:32,553 - INFO - Generating scatter plot of GRE vs TOEFL scores
2025-04-09 19:47:32,553 - INFO - Generating GRE vs TOEFL scatter plot...
2025-04-09 19:47:32,854 - INFO - Scatter plot saved to 'reports/figures/gre_vs_toefl.png'.
2025-04-09 19:47:32,854 - INFO - Generating pairplot for GRE, TOEFL, CGPA...
2025-04-09 19:47:34,920 - INFO - Pairplot saved to 'reports/figures/pairplot.png'.
2025-04-09 19:47:34,920 - INFO - Generating CGPA histogram by Admit_Chance...
2025-04-09 19:47:35,168 - INFO - CGPA histogram saved to 'reports/figures/cgpa_hist.png'.
2025-04-09 19:47:35,168 - INFO - Creating dummy variables and splitting features/target
2025-04-09 19:47:35,168 - INFO - Creating dummy variables...
2025-04-09 19:47:35,168 - INFO - Dummy variable creation successful. Shape: X=(500, 12), y=(500,)
2025-04-09 19:47:35,168 - INFO - Training the MLP model
2025-04-09 19:47:35,168 - INFO - Splitting dataset into train and test sets...
2025-04-09 19:47:35,184 - INFO - Fitting MinMaxScaler on training data...
2025-04-09 19:47:35,184 - INFO - Transforming training and test data using scaler...
2025-04-09 19:47:35,184 - INFO - Training MLP classifier...
2025-04-09 19:47:35,654 - INFO - Saving trained MLP model to 'models/MLP.pkl'...
2025-04-09 19:47:35,670 - INFO - Model training completed successfully.
2025-04-09 19:47:35,670 - INFO - Evaluating the model
2025-04-09 19:47:35,670 - INFO - Making predictions with MLP model...
2025-04-09 19:47:35,670 - INFO - Calculating confusion matrix and accuracy...
2025-04-09 19:47:35,670 - INFO - Model evaluation completed. Accuracy: 0.6500
2025-04-09 19:47:35,670 - INFO - Model Accuracy: 0.6500
2025-04-09 19:47:35,670 - INFO - Confusion Matrix:
[[65  0]
 [35  0]]
